<?xml version="1.0" encoding="UTF-8"?>
<testng-results ignored="0" total="2" passed="2" failed="0" skipped="0">
  <reporter-output>
  </reporter-output>
  <suite started-at="2025-02-17T13:39:29 CST" name="Suite" finished-at="2025-02-17T13:40:19 CST" duration-ms="50604">
    <groups>
    </groups>
    <test started-at="2025-02-17T13:39:29 CST" name="Test" finished-at="2025-02-17T13:40:19 CST" duration-ms="50604">
      <class name="qa.jen.testclass.logintestclass">
        <test-method is-config="true" signature="setUp()[pri:0, instance:qa.jen.testclass.logintestclass@3427b02d]" started-at="2025-02-17T13:39:29 CST" name="setUp" finished-at="2025-02-17T13:39:42 CST" duration-ms="13410" status="PASS">
          <reporter-output>
          </reporter-output>
        </test-method> <!-- setUp -->
        <test-method signature="verifyHomePageTitleTest()[pri:1, instance:qa.jen.testclass.logintestclass@3427b02d]" started-at="2025-02-17T13:39:42 CST" name="verifyHomePageTitleTest" finished-at="2025-02-17T13:39:42 CST" duration-ms="176" status="PASS">
          <reporter-output>
          </reporter-output>
        </test-method> <!-- verifyHomePageTitleTest -->
        <test-method is-config="true" signature="tearDown()[pri:0, instance:qa.jen.testclass.logintestclass@3427b02d]" started-at="2025-02-17T13:39:42 CST" name="tearDown" finished-at="2025-02-17T13:39:43 CST" duration-ms="561" status="PASS">
          <reporter-output>
          </reporter-output>
        </test-method> <!-- tearDown -->
        <test-method is-config="true" signature="setUp()[pri:0, instance:qa.jen.testclass.logintestclass@3427b02d]" started-at="2025-02-17T13:39:43 CST" name="setUp" finished-at="2025-02-17T13:39:55 CST" duration-ms="12197" status="PASS">
          <reporter-output>
          </reporter-output>
        </test-method> <!-- setUp -->
        <test-method signature="loginPageTitleTest()[pri:2, instance:qa.jen.testclass.logintestclass@3427b02d]" started-at="2025-02-17T13:39:55 CST" name="loginPageTitleTest" finished-at="2025-02-17T13:40:19 CST" duration-ms="23551" status="PASS">
          <reporter-output>
          </reporter-output>
        </test-method> <!-- loginPageTitleTest -->
        <test-method is-config="true" signature="tearDown()[pri:0, instance:qa.jen.testclass.logintestclass@3427b02d]" started-at="2025-02-17T13:40:19 CST" name="tearDown" finished-at="2025-02-17T13:40:19 CST" duration-ms="645" status="PASS">
          <reporter-output>
          </reporter-output>
        </test-method> <!-- tearDown -->
      </class> <!-- qa.jen.testclass.logintestclass -->
    </test> <!-- Test -->
  </suite> <!-- Suite -->
</testng-results>
