<?xml version="1.0" encoding="UTF-8"?>
<testng-results ignored="0" total="2" passed="2" failed="0" skipped="0">
  <reporter-output>
  </reporter-output>
  <suite started-at="2025-02-17T17:49:35 CST" name="Default suite" finished-at="2025-02-17T17:50:17 CST" duration-ms="41862">
    <groups>
    </groups>
    <test started-at="2025-02-17T17:49:35 CST" name="Default test" finished-at="2025-02-17T17:50:17 CST" duration-ms="41862">
      <class name="qa.jen.testclass.logintestclass">
        <test-method is-config="true" signature="setUp()[pri:0, instance:qa.jen.testclass.logintestclass@367ffa75]" started-at="2025-02-17T17:49:35 CST" name="setUp" finished-at="2025-02-17T17:49:45 CST" duration-ms="10250" status="PASS">
          <reporter-output>
          </reporter-output>
        </test-method> <!-- setUp -->
        <test-method signature="verifyHomePageTitleTest()[pri:1, instance:qa.jen.testclass.logintestclass@367ffa75]" started-at="2025-02-17T17:49:45 CST" name="verifyHomePageTitleTest" finished-at="2025-02-17T17:49:45 CST" duration-ms="114" status="PASS">
          <reporter-output>
          </reporter-output>
        </test-method> <!-- verifyHomePageTitleTest -->
        <test-method is-config="true" signature="tearDown()[pri:0, instance:qa.jen.testclass.logintestclass@367ffa75]" started-at="2025-02-17T17:49:45 CST" name="tearDown" finished-at="2025-02-17T17:49:46 CST" duration-ms="454" status="PASS">
          <reporter-output>
          </reporter-output>
        </test-method> <!-- tearDown -->
        <test-method is-config="true" signature="setUp()[pri:0, instance:qa.jen.testclass.logintestclass@367ffa75]" started-at="2025-02-17T17:49:46 CST" name="setUp" finished-at="2025-02-17T17:49:55 CST" duration-ms="9426" status="PASS">
          <reporter-output>
          </reporter-output>
        </test-method> <!-- setUp -->
        <test-method signature="loginPageTitleTest()[pri:2, instance:qa.jen.testclass.logintestclass@367ffa75]" started-at="2025-02-17T17:49:55 CST" name="loginPageTitleTest" finished-at="2025-02-17T17:50:16 CST" duration-ms="21102" status="PASS">
          <reporter-output>
          </reporter-output>
        </test-method> <!-- loginPageTitleTest -->
        <test-method is-config="true" signature="tearDown()[pri:0, instance:qa.jen.testclass.logintestclass@367ffa75]" started-at="2025-02-17T17:50:16 CST" name="tearDown" finished-at="2025-02-17T17:50:17 CST" duration-ms="443" status="PASS">
          <reporter-output>
          </reporter-output>
        </test-method> <!-- tearDown -->
      </class> <!-- qa.jen.testclass.logintestclass -->
    </test> <!-- Default test -->
  </suite> <!-- Default suite -->
</testng-results>
