<?xml version="1.0" encoding="UTF-8"?>
<testng-results ignored="0" total="2" passed="2" failed="0" skipped="0">
  <reporter-output>
  </reporter-output>
  <suite started-at="2025-02-17T13:38:20 CST" name="Suite" finished-at="2025-02-17T13:39:11 CST" duration-ms="50479">
    <groups>
    </groups>
    <test started-at="2025-02-17T13:38:20 CST" name="Test" finished-at="2025-02-17T13:39:11 CST" duration-ms="50479">
      <class name="qa.jen.testclass.logintestclass">
        <test-method is-config="true" signature="setUp()[pri:0, instance:qa.jen.testclass.logintestclass@682b2fa]" started-at="2025-02-17T13:38:20 CST" name="setUp" finished-at="2025-02-17T13:38:33 CST" duration-ms="12987" status="PASS">
          <reporter-output>
          </reporter-output>
        </test-method> <!-- setUp -->
        <test-method signature="verifyHomePageTitleTest()[pri:1, instance:qa.jen.testclass.logintestclass@682b2fa]" started-at="2025-02-17T13:38:33 CST" name="verifyHomePageTitleTest" finished-at="2025-02-17T13:38:33 CST" duration-ms="169" status="PASS">
          <reporter-output>
          </reporter-output>
        </test-method> <!-- verifyHomePageTitleTest -->
        <test-method is-config="true" signature="tearDown()[pri:0, instance:qa.jen.testclass.logintestclass@682b2fa]" started-at="2025-02-17T13:38:33 CST" name="tearDown" finished-at="2025-02-17T13:38:34 CST" duration-ms="480" status="PASS">
          <reporter-output>
          </reporter-output>
        </test-method> <!-- tearDown -->
        <test-method is-config="true" signature="setUp()[pri:0, instance:qa.jen.testclass.logintestclass@682b2fa]" started-at="2025-02-17T13:38:34 CST" name="setUp" finished-at="2025-02-17T13:38:46 CST" duration-ms="12449" status="PASS">
          <reporter-output>
          </reporter-output>
        </test-method> <!-- setUp -->
        <test-method signature="loginPageTitleTest()[pri:2, instance:qa.jen.testclass.logintestclass@682b2fa]" started-at="2025-02-17T13:38:46 CST" name="loginPageTitleTest" finished-at="2025-02-17T13:39:10 CST" duration-ms="23563" status="PASS">
          <reporter-output>
          </reporter-output>
        </test-method> <!-- loginPageTitleTest -->
        <test-method is-config="true" signature="tearDown()[pri:0, instance:qa.jen.testclass.logintestclass@682b2fa]" started-at="2025-02-17T13:39:10 CST" name="tearDown" finished-at="2025-02-17T13:39:11 CST" duration-ms="717" status="PASS">
          <reporter-output>
          </reporter-output>
        </test-method> <!-- tearDown -->
      </class> <!-- qa.jen.testclass.logintestclass -->
    </test> <!-- Test -->
  </suite> <!-- Suite -->
</testng-results>
